mode: atomic
github.com/daichi-m/togo/json_decoder.go:17.46,21.16 3 0
github.com/daichi-m/togo/json_decoder.go:25.2,28.16 4 0
github.com/daichi-m/togo/json_decoder.go:32.2,33.19 2 0
github.com/daichi-m/togo/json_decoder.go:44.2,44.17 1 0
github.com/daichi-m/togo/json_decoder.go:21.16,24.3 2 0
github.com/daichi-m/togo/json_decoder.go:28.16,31.3 2 0
github.com/daichi-m/togo/json_decoder.go:34.19,36.18 2 0
github.com/daichi-m/togo/json_decoder.go:37.21,39.20 2 0
github.com/daichi-m/togo/json_decoder.go:40.10,42.51 2 0
github.com/daichi-m/togo/json_decoder.go:48.40,50.2 1 0
github.com/daichi-m/togo/structs.go:31.35,32.11 1 8
github.com/daichi-m/togo/structs.go:33.41,34.14 1 5
github.com/daichi-m/togo/structs.go:35.10,36.15 1 3
github.com/daichi-m/togo/structs.go:40.31,41.11 1 9
github.com/daichi-m/togo/structs.go:42.15,43.19 1 1
github.com/daichi-m/togo/structs.go:44.12,45.16 1 1
github.com/daichi-m/togo/structs.go:46.11,47.15 1 1
github.com/daichi-m/togo/structs.go:48.13,49.17 1 1
github.com/daichi-m/togo/structs.go:50.15,51.19 1 1
github.com/daichi-m/togo/structs.go:52.14,53.18 1 1
github.com/daichi-m/togo/structs.go:54.13,55.17 1 1
github.com/daichi-m/togo/structs.go:56.11,57.15 1 1
github.com/daichi-m/togo/structs.go:58.10,59.24 1 1
github.com/daichi-m/togo/structs.go:63.48,64.22 1 14
github.com/daichi-m/togo/structs.go:64.22,66.3 1 2
github.com/daichi-m/togo/structs.go:66.8,66.31 1 12
github.com/daichi-m/togo/structs.go:66.31,68.3 1 1
github.com/daichi-m/togo/structs.go:68.8,68.57 1 11
github.com/daichi-m/togo/structs.go:68.57,70.3 1 2
github.com/daichi-m/togo/structs.go:70.8,70.32 1 9
github.com/daichi-m/togo/structs.go:70.32,72.3 1 2
github.com/daichi-m/togo/structs.go:72.8,72.29 1 7
github.com/daichi-m/togo/structs.go:72.29,74.3 1 2
github.com/daichi-m/togo/structs.go:74.8,74.31 1 5
github.com/daichi-m/togo/structs.go:74.31,76.3 1 2
github.com/daichi-m/togo/structs.go:76.8,76.30 1 3
github.com/daichi-m/togo/structs.go:76.30,78.3 1 1
github.com/daichi-m/togo/structs.go:78.8,80.3 1 2
github.com/daichi-m/togo/structs.go:96.40,97.23 1 14
github.com/daichi-m/togo/structs.go:100.2,100.31 1 13
github.com/daichi-m/togo/structs.go:103.2,103.31 1 10
github.com/daichi-m/togo/structs.go:106.2,106.39 1 9
github.com/daichi-m/togo/structs.go:109.2,109.13 1 8
github.com/daichi-m/togo/structs.go:97.23,99.3 1 1
github.com/daichi-m/togo/structs.go:100.31,102.3 1 3
github.com/daichi-m/togo/structs.go:103.31,105.3 1 1
github.com/daichi-m/togo/structs.go:106.39,108.3 1 1
github.com/daichi-m/togo/structs.go:113.36,114.24 1 4
github.com/daichi-m/togo/structs.go:118.2,118.40 1 4
github.com/daichi-m/togo/structs.go:114.24,116.3 1 1
github.com/daichi-m/togo/structs.go:118.40,120.3 1 1
github.com/daichi-m/togo/structs.go:124.31,128.2 1 10
github.com/daichi-m/togo/structs.go:132.60,138.9 5 5
github.com/daichi-m/togo/structs.go:143.2,147.15 4 4
github.com/daichi-m/togo/structs.go:138.9,142.3 1 1
github.com/daichi-m/togo/structs.go:160.37,166.30 2 2
github.com/daichi-m/togo/structs.go:170.2,170.12 1 2
github.com/daichi-m/togo/structs.go:166.30,169.3 2 6
github.com/daichi-m/togo/structs.go:174.46,175.14 1 9
github.com/daichi-m/togo/structs.go:182.2,182.22 1 8
github.com/daichi-m/togo/structs.go:185.2,186.9 2 8
github.com/daichi-m/togo/structs.go:191.2,191.22 1 2
github.com/daichi-m/togo/structs.go:197.2,200.12 4 1
github.com/daichi-m/togo/structs.go:175.14,180.3 1 1
github.com/daichi-m/togo/structs.go:182.22,184.3 1 1
github.com/daichi-m/togo/structs.go:186.9,189.3 2 6
github.com/daichi-m/togo/structs.go:191.22,196.3 1 1
github.com/daichi-m/togo/structs.go:206.50,207.18 1 9
github.com/daichi-m/togo/structs.go:210.2,210.27 1 8
github.com/daichi-m/togo/structs.go:213.2,213.14 1 2
github.com/daichi-m/togo/structs.go:207.18,209.3 1 1
github.com/daichi-m/togo/structs.go:210.27,212.3 1 6
github.com/daichi-m/togo/structs.go:217.49,218.33 1 6
github.com/daichi-m/togo/structs.go:226.2,226.40 1 5
github.com/daichi-m/togo/structs.go:239.2,239.12 1 4
github.com/daichi-m/togo/structs.go:218.33,224.3 2 1
github.com/daichi-m/togo/structs.go:226.40,228.10 2 10
github.com/daichi-m/togo/structs.go:232.3,232.40 1 7
github.com/daichi-m/togo/structs.go:228.10,230.12 2 3
github.com/daichi-m/togo/structs.go:232.40,237.4 1 1
github.com/daichi-m/togo/structs.go:244.36,245.23 1 2
github.com/daichi-m/togo/structs.go:248.2,248.14 1 1
github.com/daichi-m/togo/structs.go:245.23,247.3 1 1
github.com/daichi-m/togo/test_utils.go:9.36,20.2 6 15
github.com/daichi-m/togo/test_utils.go:22.26,28.2 3 154
github.com/daichi-m/togo/test_utils.go:30.81,39.2 2 275
github.com/daichi-m/togo/test_utils.go:41.63,43.2 1 4
github.com/daichi-m/togo/test_utils.go:45.46,47.2 1 3
github.com/daichi-m/togo/test_utils.go:49.33,51.2 1 1
github.com/daichi-m/togo/test_utils.go:53.32,55.2 1 2
github.com/daichi-m/togo/test_utils.go:57.31,59.2 1 0
github.com/daichi-m/togo/test_utils.go:61.40,63.2 1 0
github.com/daichi-m/togo/test_utils.go:65.51,67.2 1 0
github.com/daichi-m/togo/test_utils.go:69.38,72.25 3 25
github.com/daichi-m/togo/test_utils.go:75.2,75.49 1 25
github.com/daichi-m/togo/test_utils.go:72.25,74.3 1 125
github.com/daichi-m/togo/test_utils.go:78.66,84.28 2 32
github.com/daichi-m/togo/test_utils.go:88.2,88.11 1 32
github.com/daichi-m/togo/test_utils.go:84.28,87.3 2 269
github.com/daichi-m/togo/test_utils.go:91.28,99.25 3 4
github.com/daichi-m/togo/test_utils.go:103.2,103.23 1 4
github.com/daichi-m/togo/test_utils.go:111.2,111.15 1 4
github.com/daichi-m/togo/test_utils.go:99.25,101.3 1 20
github.com/daichi-m/togo/test_utils.go:103.23,107.32 4 20
github.com/daichi-m/togo/test_utils.go:107.32,109.4 1 4
github.com/daichi-m/togo/caches.go:19.61,21.9 2 79
github.com/daichi-m/togo/caches.go:24.2,24.31 1 78
github.com/daichi-m/togo/caches.go:29.2,29.11 1 38
github.com/daichi-m/togo/caches.go:21.9,23.3 1 1
github.com/daichi-m/togo/caches.go:24.31,25.16 1 165
github.com/daichi-m/togo/caches.go:25.16,27.4 1 40
github.com/daichi-m/togo/caches.go:34.48,35.35 1 30
github.com/daichi-m/togo/caches.go:41.2,41.11 1 6
github.com/daichi-m/togo/caches.go:35.35,37.16 2 60
github.com/daichi-m/togo/caches.go:37.16,39.4 1 24
github.com/daichi-m/togo/caches.go:47.60,49.17 1 16
github.com/daichi-m/togo/caches.go:61.2,61.16 1 15
github.com/daichi-m/togo/caches.go:93.2,93.16 1 14
github.com/daichi-m/togo/caches.go:97.2,97.12 1 13
github.com/daichi-m/togo/caches.go:49.17,50.41 1 1
github.com/daichi-m/togo/caches.go:58.3,58.13 1 1
github.com/daichi-m/togo/caches.go:50.41,57.4 1 0
github.com/daichi-m/togo/caches.go:61.16,65.13 3 14
github.com/daichi-m/togo/caches.go:74.3,74.14 1 14
github.com/daichi-m/togo/caches.go:77.3,81.16 4 14
github.com/daichi-m/togo/caches.go:89.3,90.31 2 13
github.com/daichi-m/togo/caches.go:65.13,72.4 1 0
github.com/daichi-m/togo/caches.go:74.14,76.4 1 0
github.com/daichi-m/togo/caches.go:81.16,88.4 1 1
github.com/daichi-m/togo/caches.go:93.16,95.3 1 1
github.com/daichi-m/togo/caches.go:101.47,105.20 3 26
github.com/daichi-m/togo/caches.go:123.2,123.12 1 25
github.com/daichi-m/togo/caches.go:105.20,107.10 2 5
github.com/daichi-m/togo/caches.go:107.10,113.4 5 1
github.com/daichi-m/togo/caches.go:114.8,114.28 1 21
github.com/daichi-m/togo/caches.go:114.28,116.3 1 9
github.com/daichi-m/togo/caches.go:116.8,116.27 1 12
github.com/daichi-m/togo/caches.go:116.27,118.17 2 12
github.com/daichi-m/togo/caches.go:121.3,121.64 1 12
github.com/daichi-m/togo/caches.go:118.17,120.4 1 0
github.com/daichi-m/togo/caches.go:135.44,139.40 4 1
github.com/daichi-m/togo/caches.go:149.2,149.12 1 1
github.com/daichi-m/togo/caches.go:139.40,141.27 2 3
github.com/daichi-m/togo/caches.go:141.27,147.4 2 8
github.com/daichi-m/togo/caches.go:165.28,167.21 1 2
github.com/daichi-m/togo/caches.go:171.2,171.21 1 1
github.com/daichi-m/togo/caches.go:186.2,186.17 1 1
github.com/daichi-m/togo/caches.go:167.21,169.3 1 1
github.com/daichi-m/togo/caches.go:171.21,174.22 3 1
github.com/daichi-m/togo/caches.go:174.22,184.4 1 1
github.com/daichi-m/togo/caches.go:191.65,195.16 4 2
github.com/daichi-m/togo/caches.go:199.2,199.10 1 2
github.com/daichi-m/togo/caches.go:207.2,208.12 2 2
github.com/daichi-m/togo/caches.go:195.16,197.3 1 0
github.com/daichi-m/togo/caches.go:199.10,201.17 2 1
github.com/daichi-m/togo/caches.go:201.17,203.4 1 0
github.com/daichi-m/togo/caches.go:204.8,206.3 1 1
github.com/daichi-m/togo/caches.go:215.61,217.9 2 6
github.com/daichi-m/togo/caches.go:222.2,222.26 1 3
github.com/daichi-m/togo/caches.go:229.2,231.3 1 1
github.com/daichi-m/togo/caches.go:217.9,220.3 2 3
github.com/daichi-m/togo/caches.go:222.26,224.23 2 11
github.com/daichi-m/togo/caches.go:224.23,227.4 2 2
github.com/daichi-m/togo/caches.go:236.54,238.8 2 3
github.com/daichi-m/togo/caches.go:241.2,241.23 1 2
github.com/daichi-m/togo/caches.go:238.8,240.3 1 1
github.com/daichi-m/togo/caches.go:245.46,248.2 2 22
github.com/daichi-m/togo/errors.go:14.39,16.2 1 0
github.com/daichi-m/togo/errors.go:25.43,28.2 1 0
github.com/daichi-m/togo/errors.go:36.45,39.2 1 0
github.com/daichi-m/togo/errors.go:47.37,49.2 1 0
github.com/daichi-m/togo/errors.go:57.42,60.2 2 0
github.com/daichi-m/togo/errors.go:68.41,70.2 1 0
github.com/daichi-m/togo/parser.go:20.34,27.2 2 0
github.com/daichi-m/togo/parser.go:47.31,58.16 2 0
github.com/daichi-m/togo/parser.go:62.2,73.25 5 0
github.com/daichi-m/togo/parser.go:86.2,90.41 4 0
github.com/daichi-m/togo/parser.go:93.2,93.12 1 0
github.com/daichi-m/togo/parser.go:58.16,61.3 2 0
github.com/daichi-m/togo/parser.go:73.25,76.17 3 0
github.com/daichi-m/togo/parser.go:76.17,78.4 1 0
github.com/daichi-m/togo/parser.go:79.8,79.34 1 0
github.com/daichi-m/togo/parser.go:79.34,82.17 3 0
github.com/daichi-m/togo/parser.go:82.17,84.4 1 0
github.com/daichi-m/togo/parser.go:90.41,92.3 1 0
github.com/daichi-m/togo/parser.go:98.75,107.28 7 0
github.com/daichi-m/togo/parser.go:157.2,158.16 2 0
github.com/daichi-m/togo/parser.go:162.2,163.16 2 0
github.com/daichi-m/togo/parser.go:107.28,109.17 2 0
github.com/daichi-m/togo/parser.go:112.3,113.20 2 0
github.com/daichi-m/togo/parser.go:109.17,111.4 1 0
github.com/daichi-m/togo/parser.go:113.20,119.4 5 0
github.com/daichi-m/togo/parser.go:119.9,119.35 1 0
github.com/daichi-m/togo/parser.go:119.35,128.18 5 0
github.com/daichi-m/togo/parser.go:132.4,134.22 3 0
github.com/daichi-m/togo/parser.go:128.18,131.5 2 0
github.com/daichi-m/togo/parser.go:135.9,135.37 1 0
github.com/daichi-m/togo/parser.go:135.37,144.18 5 0
github.com/daichi-m/togo/parser.go:148.4,150.22 3 0
github.com/daichi-m/togo/parser.go:144.18,147.5 2 0
github.com/daichi-m/togo/parser.go:151.9,155.4 3 0
github.com/daichi-m/togo/parser.go:158.16,161.3 2 0
github.com/daichi-m/togo/parser.go:168.73,177.28 7 0
github.com/daichi-m/togo/parser.go:226.2,228.28 2 0
github.com/daichi-m/togo/parser.go:177.28,179.17 2 0
github.com/daichi-m/togo/parser.go:183.3,183.15 1 0
github.com/daichi-m/togo/parser.go:191.3,192.12 2 0
github.com/daichi-m/togo/parser.go:216.3,216.32 1 0
github.com/daichi-m/togo/parser.go:179.17,182.4 2 0
github.com/daichi-m/togo/parser.go:183.15,185.4 1 0
github.com/daichi-m/togo/parser.go:185.9,185.35 1 0
github.com/daichi-m/togo/parser.go:185.35,189.4 2 0
github.com/daichi-m/togo/parser.go:192.12,195.4 2 0
github.com/daichi-m/togo/parser.go:195.9,195.37 1 0
github.com/daichi-m/togo/parser.go:195.37,203.18 4 0
github.com/daichi-m/togo/parser.go:203.18,206.5 2 0
github.com/daichi-m/togo/parser.go:207.9,207.35 1 0
github.com/daichi-m/togo/parser.go:207.35,215.4 3 0
github.com/daichi-m/togo/parser.go:216.32,218.4 1 0
github.com/daichi-m/togo/parser.go:218.9,220.18 2 0
github.com/daichi-m/togo/parser.go:220.18,223.5 2 0
github.com/daichi-m/togo/parser.go:232.32,234.9 2 0
github.com/daichi-m/togo/parser.go:237.2,241.9 4 0
github.com/daichi-m/togo/parser.go:245.2,246.9 2 0
github.com/daichi-m/togo/parser.go:250.2,250.12 1 0
github.com/daichi-m/togo/parser.go:234.9,236.3 1 0
github.com/daichi-m/togo/parser.go:241.9,244.3 2 0
github.com/daichi-m/togo/parser.go:246.9,249.3 2 0
github.com/daichi-m/togo/stringer.go:9.38,12.32 3 0
github.com/daichi-m/togo/stringer.go:34.2,35.32 2 0
github.com/daichi-m/togo/stringer.go:12.32,15.23 2 0
github.com/daichi-m/togo/stringer.go:32.3,32.56 1 0
github.com/daichi-m/togo/stringer.go:16.13,17.15 1 0
github.com/daichi-m/togo/stringer.go:18.12,19.14 1 0
github.com/daichi-m/togo/stringer.go:20.14,21.16 1 0
github.com/daichi-m/togo/stringer.go:22.16,23.18 1 0
github.com/daichi-m/togo/stringer.go:24.15,25.17 1 0
github.com/daichi-m/togo/stringer.go:26.14,28.48 2 0
github.com/daichi-m/togo/stringer.go:29.12,30.21 1 0
